<?xml version="1.0" encoding="UTF-8"?>
<!-- Generated by org.testng.reporters.JUnitXMLReporter -->
<testsuite ignored="0" hostname="Bradleys-MacBook-Pro.local" failures="0" tests="23" name="Command line test" time="1.783" errors="0" timestamp="2022-05-04T14:11:42 GMT-05:00">
  <testcase classname="com.mycompany.fusionauth.plugins.ExampleRfc2898DeriveBytesPasswordEncryptorTest" name="encrypt" time="0.111"/>
  <testcase classname="com.mycompany.fusionauth.plugins.ExampleRfc2898DeriveBytesPasswordEncryptorTest" name="encrypt" time="0.019"/>
  <testcase classname="com.mycompany.fusionauth.plugins.ExampleRfc2898DeriveBytesPasswordEncryptorTest" name="encrypt" time="0.006"/>
  <testcase classname="com.mycompany.fusionauth.plugins.ExampleRfc2898DeriveBytesPasswordEncryptorTest" name="encrypt" time="0.017"/>
  <testcase classname="com.mycompany.fusionauth.plugins.ExampleRfc2898DeriveBytesPasswordEncryptorTest" name="encrypt" time="0.014"/>
  <testcase classname="com.mycompany.fusionauth.plugins.ExampleFirebaseScryptPasswordEncryptorTest" name="encrypt" time="0.278"/>
  <testcase classname="com.mycompany.fusionauth.plugins.ExamplePHPMD5SaltedPasswordEncryptorTest" name="encrypt" time="0.03"/>
  <testcase classname="com.mycompany.fusionauth.plugins.ExamplePHPMD5SaltedPasswordEncryptorTest" name="encrypt" time="0.012"/>
  <testcase classname="com.mycompany.fusionauth.plugins.ExamplePHPMD5SaltedPasswordEncryptorTest" name="encrypt" time="0.008"/>
  <testcase classname="com.mycompany.fusionauth.plugins.ExamplePBDKF2HMACSHA1PasswordEncryptorTest" name="encrypt" time="0.132"/>
  <testcase classname="com.mycompany.fusionauth.plugins.ExamplePBDKF2HMACSHA1PasswordEncryptorTest" name="encrypt" time="0.151"/>
  <testcase classname="com.mycompany.fusionauth.plugins.ExampleLDAPSaltedSHA512PasswordEncryptorTest" name="encrypt" time="0.002"/>
  <testcase classname="com.mycompany.fusionauth.plugins.MyExamplePasswordEncryptorTest" name="encrypt" time="0.001"/>
  <testcase classname="com.mycompany.fusionauth.plugins.ExampleCustomMD5SaltAppendedPasswordEncryptorTest" name="encrypt" time="0.001"/>
  <testcase classname="com.mycompany.fusionauth.plugins.ExamplePBDKF2HMACSHA256Keylength512PasswordHasherTest" name="encrypt" time="0.285"/>
  <testcase classname="com.mycompany.fusionauth.plugins.ExamplePBDKF2HMACSHA256Keylength512PasswordHasherTest" name="encrypt" time="0.255"/>
  <testcase classname="com.mycompany.fusionauth.plugins.ExampleSaltedSHA512PasswordEncryptorTest" name="encrypt" time="0.001"/>
  <testcase classname="com.mycompany.fusionauth.plugins.ExampleArgon2idPasswordEncryptorTest" name="Should_ThrowException_When_MemoryGreaterThan16_777_215Kibibytes" time="0.143"/>
  <testcase classname="com.mycompany.fusionauth.plugins.ExampleArgon2idPasswordEncryptorTest" name="Should_ThrowException_When_MemoryLessThan1" time="0.001"/>
  <testcase classname="com.mycompany.fusionauth.plugins.ExampleArgon2idPasswordEncryptorTest" name="Should_ThrowException_When_ParallelismLessThan1" time="0.0"/>
  <testcase classname="com.mycompany.fusionauth.plugins.ExampleArgon2idPasswordEncryptorTest" name="Should_ThrowException_When_TimeCostLessThan1" time="0.001"/>
  <testcase classname="com.mycompany.fusionauth.plugins.ExampleArgon2idPasswordEncryptorTest" name="encrypt" time="0.231"/>
  <testcase classname="com.mycompany.fusionauth.plugins.ExampleCustomMD5SaltedPasswordEncryptorTest" name="encrypt" time="0.001"/>
</testsuite> <!-- Command line test -->
