<?xml version="1.0" encoding="UTF-8" ?>
<testsuite tests="23" failures="0" name="TestSuite" time="1.715" errors="0" skipped="0">
  <properties>
[...]
</properties>
  <testcase classname="com.mycompany.fusionauth.plugins.ExampleRfc2898DeriveBytesPasswordEncryptorTest" name="encrypt" time="0.11"/>
  <testcase classname="com.mycompany.fusionauth.plugins.ExampleRfc2898DeriveBytesPasswordEncryptorTest" name="encrypt" time="0.019"/>
  <testcase classname="com.mycompany.fusionauth.plugins.ExampleRfc2898DeriveBytesPasswordEncryptorTest" name="encrypt" time="0.006"/>
  <testcase classname="com.mycompany.fusionauth.plugins.ExampleRfc2898DeriveBytesPasswordEncryptorTest" name="encrypt" time="0.017"/>
  <testcase classname="com.mycompany.fusionauth.plugins.ExampleRfc2898DeriveBytesPasswordEncryptorTest" name="encrypt" time="0.014"/>
  <testcase classname="com.mycompany.fusionauth.plugins.ExampleFirebaseScryptPasswordEncryptorTest" name="encrypt" time="0.278"/>
  <testcase classname="com.mycompany.fusionauth.plugins.ExamplePHPMD5SaltedPasswordEncryptorTest" name="encrypt" time="0.032"/>
  <testcase classname="com.mycompany.fusionauth.plugins.ExamplePHPMD5SaltedPasswordEncryptorTest" name="encrypt" time="0.012"/>
  <testcase classname="com.mycompany.fusionauth.plugins.ExamplePHPMD5SaltedPasswordEncryptorTest" name="encrypt" time="0.009"/>
  <testcase classname="com.mycompany.fusionauth.plugins.ExamplePBDKF2HMACSHA1PasswordEncryptorTest" name="encrypt" time="0.131"/>
  <testcase classname="com.mycompany.fusionauth.plugins.ExamplePBDKF2HMACSHA1PasswordEncryptorTest" name="encrypt" time="0.151"/>
  <testcase classname="com.mycompany.fusionauth.plugins.ExampleLDAPSaltedSHA512PasswordEncryptorTest" name="encrypt" time="0.002"/>
  <testcase classname="com.mycompany.fusionauth.plugins.MyExamplePasswordEncryptorTest" name="encrypt" time="0.001"/>
  <testcase classname="com.mycompany.fusionauth.plugins.ExampleCustomMD5SaltAppendedPasswordEncryptorTest" name="encrypt" time="0"/>
  <testcase classname="com.mycompany.fusionauth.plugins.ExamplePBDKF2HMACSHA256Keylength512PasswordHasherTest" name="encrypt" time="0.285"/>
  <testcase classname="com.mycompany.fusionauth.plugins.ExamplePBDKF2HMACSHA256Keylength512PasswordHasherTest" name="encrypt" time="0.256"/>
  <testcase classname="com.mycompany.fusionauth.plugins.ExampleSaltedSHA512PasswordEncryptorTest" name="encrypt" time="0.001"/>
  <testcase classname="com.mycompany.fusionauth.plugins.ExampleArgon2idPasswordEncryptorTest" name="Should_ThrowException_When_MemoryGreaterThan16_777_215Kibibytes" time="0.15"/>
  <testcase classname="com.mycompany.fusionauth.plugins.ExampleArgon2idPasswordEncryptorTest" name="Should_ThrowException_When_MemoryLessThan1" time="0"/>
  <testcase classname="com.mycompany.fusionauth.plugins.ExampleArgon2idPasswordEncryptorTest" name="Should_ThrowException_When_ParallelismLessThan1" time="0"/>
  <testcase classname="com.mycompany.fusionauth.plugins.ExampleArgon2idPasswordEncryptorTest" name="Should_ThrowException_When_TimeCostLessThan1" time="0"/>
  <testcase classname="com.mycompany.fusionauth.plugins.ExampleArgon2idPasswordEncryptorTest" name="encrypt" time="0.241"/>
  <testcase classname="com.mycompany.fusionauth.plugins.ExampleCustomMD5SaltedPasswordEncryptorTest" name="encrypt" time="0"/>
</testsuite>